==essential== 
build-essential
openssl
curl
git-core
autoconf
automake
pkg-config

==libs==
libtool
libreadline6 libreadline6-dev
zlib1g zlib1g-dev
libssl-dev libyaml-dev
sqlite3 libsqlite3-dev
libxml2-dev libxslt-dev
libc6-dev ncurses-dev

==codecs==
ubuntu-restricted-extras
libdvdread4

==media==
plexhometheater
gnome-mplayer
vlc vlc-plugin-pulse
audacity openshot
sound-juicer
kazam
xfburn

==files== 
p7zip p7zip-full p7zip-rar
nemo nemo-share nemo-pastebin
samba samba-common
libreoffice-pdfimport

==utils==
ubuntu-tweak
gnome-tweak-tool 
suld-driver-4.00.39 suld-configurator-2-qt4
cryptsetup unity-2d
conky-all
tlp tlp-rdw

==apps==
skype
virtualbox-4.3
gimp
filezilla
nemo-dropbox
google-chrome-stable
oracle-java8-installer

==dev==
autojump
vim
curl
ssh
git meld nemo-rabbitvcs
sublime-text
zsh

==webstack== 
dnsmasq
apache2
python python-dev python-virtualenv
php5 php5-cli
mysql-server libmysql-ruby libmysqlclient-dev phpmyadmin
postgresql libpq-dev phppgadmin  
apache2-prefork-dev libcurl4-openssl-dev libapr1-dev libaprutil1-dev
python-software-properties
nodejs